Removed Pin From Net: NetName=PC6 (RE\S\E\T\) Pin=ICSP-5
Removed Pin From Net: NetName=GND Pin=RESET-3
Removed Pin From Net: NetName=PC6 (RE\S\E\T\) Pin=U1-1
Change Component Comment : Designator=R2 Old Comment= New Comment=10 M
Change Component Designator: OldDesignator=ICSP NewDesignator=P1
Change Component Designator: OldDesignator=RESET NewDesignator=SF1
Change component parameters: Designator = "R2" ("R2"); Footprint = "R0603"; UniqueID = "\KRMHPQOD" ("\KRMHPQOD")
Change component parameters (AddParameter): Name = "Case"; Value = ""; VariantName = "[No Variations]"
Change component parameters (AddParameter): Name = "HelpURL"; Value = ""; VariantName = "[No Variations]"
Change component parameters (AddParameter): Name = "Manufacturer"; Value = ""; VariantName = "[No Variations]"
Change component parameters (AddParameter): Name = "Model"; Value = ""; VariantName = "[No Variations]"
Change component parameters (AddParameter): Name = "Value"; Value = "10 M"; VariantName = "[No Variations]"
Change component parameters: Designator = "R5" ("R5"); Footprint = "R0603"; UniqueID = "\DLBBSGOW" ("\DLBBSGOW")
Change component parameters (AddParameter): Name = "Case"; Value = ""; VariantName = "[No Variations]"
Change component parameters (AddParameter): Name = "HelpURL"; Value = ""; VariantName = "[No Variations]"
Change component parameters (AddParameter): Name = "Manufacturer"; Value = ""; VariantName = "[No Variations]"
Change component parameters (AddParameter): Name = "Model"; Value = ""; VariantName = "[No Variations]"
Change component parameters (AddParameter): Name = "Value"; Value = "300"; VariantName = "[No Variations]"
Added Pin To Net: NetName=PC6 (RESET) Pin=P1-5
Added Pin To Net: NetName=PC6 (RESET) Pin=U1-1
Added Net: Name=PC6 (RESET)
