Added Component: Designator=C1(CapElec_8x16_3.5mm)
Add component (AddParameter): Name = "Case"; Value = "8x16_3.5mm"; VariantName = "[No Variations]"
Add component (AddParameter): Name = "HelpURL"; Value = "https://www.chipdip.by/product0/9000565915"; VariantName = "[No Variations]"
Add component (AddParameter): Name = "Manufacturer"; Value = "JB"; VariantName = "[No Variations]"
Add component (AddParameter): Name = "Model"; Value = "25V 20%"; VariantName = "[No Variations]"
Add component (AddParameter): Name = "Value"; Value = "470uF 25V"; VariantName = "[No Variations]"
Added Component: Designator=C2(C0603)
Add component (AddParameter): Name = "Case"; Value = "C0603"; VariantName = "[No Variations]"
Add component (AddParameter): Name = "HelpURL"; Value = ""; VariantName = "[No Variations]"
Add component (AddParameter): Name = "Manufacturer"; Value = ""; VariantName = "[No Variations]"
Add component (AddParameter): Name = "Model"; Value = ""; VariantName = "[No Variations]"
Add component (AddParameter): Name = "Value"; Value = "4.7uF"; VariantName = "[No Variations]"
Added Component: Designator=C3(C0603)
Add component (AddParameter): Name = "Case"; Value = "C0603"; VariantName = "[No Variations]"
Add component (AddParameter): Name = "HelpURL"; Value = ""; VariantName = "[No Variations]"
Add component (AddParameter): Name = "Manufacturer"; Value = ""; VariantName = "[No Variations]"
Add component (AddParameter): Name = "Model"; Value = ""; VariantName = "[No Variations]"
Add component (AddParameter): Name = "Value"; Value = "0.33uF"; VariantName = "[No Variations]"
Added Component: Designator=C4(C0603)
Add component (AddParameter): Name = "Case"; Value = "C0603"; VariantName = "[No Variations]"
Add component (AddParameter): Name = "HelpURL"; Value = ""; VariantName = "[No Variations]"
Add component (AddParameter): Name = "Manufacturer"; Value = ""; VariantName = "[No Variations]"
Add component (AddParameter): Name = "Model"; Value = ""; VariantName = "[No Variations]"
Add component (AddParameter): Name = "Value"; Value = "0.1uF"; VariantName = "[No Variations]"
Added Component: Designator=C5(CapElec_5x11_2mm)
Add component (AddParameter): Name = "Case"; Value = "5x11_2mm"; VariantName = "[No Variations]"
Add component (AddParameter): Name = "HelpURL"; Value = "https://www.chipdip.by/product0/9000565886"; VariantName = "[No Variations]"
Add component (AddParameter): Name = "Manufacturer"; Value = "JB"; VariantName = "[No Variations]"
Add component (AddParameter): Name = "Model"; Value = "10V 20%"; VariantName = "[No Variations]"
Add component (AddParameter): Name = "Value"; Value = "100uF 10V"; VariantName = "[No Variations]"
Added Component: Designator=C6(TANT-B)
Add component (AddParameter): Name = "Case"; Value = "TANT-B"; VariantName = "[No Variations]"
Add component (AddParameter): Name = "HelpURL"; Value = "https://www.chipdip.by/product0/9000502415"; VariantName = "[No Variations]"
Add component (AddParameter): Name = "Manufacturer"; Value = "-"; VariantName = "[No Variations]"
Add component (AddParameter): Name = "Model"; Value = "10V 10%"; VariantName = "[No Variations]"
Add component (AddParameter): Name = "Value"; Value = "22uF 10V"; VariantName = "[No Variations]"
Added Component: Designator=C7(C0603)
Add component (AddParameter): Name = "Case"; Value = "C0603"; VariantName = "[No Variations]"
Add component (AddParameter): Name = "HelpURL"; Value = ""; VariantName = "[No Variations]"
Add component (AddParameter): Name = "Manufacturer"; Value = ""; VariantName = "[No Variations]"
Add component (AddParameter): Name = "Model"; Value = ""; VariantName = "[No Variations]"
Add component (AddParameter): Name = "Value"; Value = "0.01uF"; VariantName = "[No Variations]"
Added Component: Designator=C8(C0603)
Add component (AddParameter): Name = "Case"; Value = "C0603"; VariantName = "[No Variations]"
Add component (AddParameter): Name = "HelpURL"; Value = ""; VariantName = "[No Variations]"
Add component (AddParameter): Name = "Manufacturer"; Value = ""; VariantName = "[No Variations]"
Add component (AddParameter): Name = "Model"; Value = ""; VariantName = "[No Variations]"
Add component (AddParameter): Name = "Value"; Value = "100pF"; VariantName = "[No Variations]"
Added Component: Designator=C9(C0603)
Add component (AddParameter): Name = "Case"; Value = "C0603"; VariantName = "[No Variations]"
Add component (AddParameter): Name = "HelpURL"; Value = ""; VariantName = "[No Variations]"
Add component (AddParameter): Name = "Manufacturer"; Value = ""; VariantName = "[No Variations]"
Add component (AddParameter): Name = "Model"; Value = ""; VariantName = "[No Variations]"
Add component (AddParameter): Name = "Value"; Value = "4.7uF"; VariantName = "[No Variations]"
Added Component: Designator=C10(C0603)
Add component (AddParameter): Name = "Case"; Value = "C0603"; VariantName = "[No Variations]"
Add component (AddParameter): Name = "HelpURL"; Value = ""; VariantName = "[No Variations]"
Add component (AddParameter): Name = "Manufacturer"; Value = ""; VariantName = "[No Variations]"
Add component (AddParameter): Name = "Model"; Value = ""; VariantName = "[No Variations]"
Add component (AddParameter): Name = "Value"; Value = "0.1uF"; VariantName = "[No Variations]"
Added Component: Designator=C11(C0603)
Add component (AddParameter): Name = "Case"; Value = "C0603"; VariantName = "[No Variations]"
Add component (AddParameter): Name = "HelpURL"; Value = ""; VariantName = "[No Variations]"
Add component (AddParameter): Name = "Manufacturer"; Value = ""; VariantName = "[No Variations]"
Add component (AddParameter): Name = "Model"; Value = ""; VariantName = "[No Variations]"
Add component (AddParameter): Name = "Value"; Value = "0.01uF"; VariantName = "[No Variations]"
Added Component: Designator=C12(C0603)
Add component (AddParameter): Name = "Case"; Value = "C0603"; VariantName = "[No Variations]"
Add component (AddParameter): Name = "HelpURL"; Value = ""; VariantName = "[No Variations]"
Add component (AddParameter): Name = "Manufacturer"; Value = ""; VariantName = "[No Variations]"
Add component (AddParameter): Name = "Model"; Value = ""; VariantName = "[No Variations]"
Add component (AddParameter): Name = "Value"; Value = "100pF"; VariantName = "[No Variations]"
Added Component: Designator=C13(C0603)
Add component (AddParameter): Name = "Case"; Value = "C0603"; VariantName = "[No Variations]"
Add component (AddParameter): Name = "HelpURL"; Value = ""; VariantName = "[No Variations]"
Add component (AddParameter): Name = "Manufacturer"; Value = ""; VariantName = "[No Variations]"
Add component (AddParameter): Name = "Model"; Value = ""; VariantName = "[No Variations]"
Add component (AddParameter): Name = "Value"; Value = "1uF"; VariantName = "[No Variations]"
Added Component: Designator=C14(C0603)
Add component (AddParameter): Name = "Case"; Value = "C0603"; VariantName = "[No Variations]"
Add component (AddParameter): Name = "HelpURL"; Value = ""; VariantName = "[No Variations]"
Add component (AddParameter): Name = "Manufacturer"; Value = ""; VariantName = "[No Variations]"
Add component (AddParameter): Name = "Model"; Value = ""; VariantName = "[No Variations]"
Add component (AddParameter): Name = "Value"; Value = "0.1uF"; VariantName = "[No Variations]"
Added Component: Designator=C15(C0603)
Add component (AddParameter): Name = "Case"; Value = "C0603"; VariantName = "[No Variations]"
Add component (AddParameter): Name = "HelpURL"; Value = ""; VariantName = "[No Variations]"
Add component (AddParameter): Name = "Manufacturer"; Value = ""; VariantName = "[No Variations]"
Add component (AddParameter): Name = "Model"; Value = ""; VariantName = "[No Variations]"
Add component (AddParameter): Name = "Value"; Value = "0.01uF"; VariantName = "[No Variations]"
Added Component: Designator=C16(C0603)
Add component (AddParameter): Name = "Case"; Value = "C0603"; VariantName = "[No Variations]"
Add component (AddParameter): Name = "HelpURL"; Value = ""; VariantName = "[No Variations]"
Add component (AddParameter): Name = "Manufacturer"; Value = ""; VariantName = "[No Variations]"
Add component (AddParameter): Name = "Model"; Value = ""; VariantName = "[No Variations]"
Add component (AddParameter): Name = "Value"; Value = "100pF"; VariantName = "[No Variations]"
Added Component: Designator=C17(C0603)
Add component (AddParameter): Name = "Case"; Value = ""; VariantName = "[No Variations]"
Add component (AddParameter): Name = "HelpURL"; Value = ""; VariantName = "[No Variations]"
Add component (AddParameter): Name = "Manufacturer"; Value = ""; VariantName = "[No Variations]"
Add component (AddParameter): Name = "Model"; Value = ""; VariantName = "[No Variations]"
Add component (AddParameter): Name = "Value"; Value = "22pF 1%"; VariantName = "[No Variations]"
Added Component: Designator=C18(C0603)
Add component (AddParameter): Name = "Case"; Value = ""; VariantName = "[No Variations]"
Add component (AddParameter): Name = "HelpURL"; Value = ""; VariantName = "[No Variations]"
Add component (AddParameter): Name = "Manufacturer"; Value = ""; VariantName = "[No Variations]"
Add component (AddParameter): Name = "Model"; Value = ""; VariantName = "[No Variations]"
Add component (AddParameter): Name = "Value"; Value = "22pF 1%"; VariantName = "[No Variations]"
Added Component: Designator=C19(C0603)
Add component (AddParameter): Name = "Case"; Value = ""; VariantName = "[No Variations]"
Add component (AddParameter): Name = "HelpURL"; Value = ""; VariantName = "[No Variations]"
Add component (AddParameter): Name = "Manufacturer"; Value = ""; VariantName = "[No Variations]"
Add component (AddParameter): Name = "Model"; Value = ""; VariantName = "[No Variations]"
Add component (AddParameter): Name = "Value"; Value = "0.1uF 16V"; VariantName = "[No Variations]"
Added Component: Designator=C20(C0603)
Add component (AddParameter): Name = "Case"; Value = ""; VariantName = "[No Variations]"
Add component (AddParameter): Name = "HelpURL"; Value = ""; VariantName = "[No Variations]"
Add component (AddParameter): Name = "Manufacturer"; Value = ""; VariantName = "[No Variations]"
Add component (AddParameter): Name = "Model"; Value = ""; VariantName = "[No Variations]"
Add component (AddParameter): Name = "Value"; Value = "0.1uF"; VariantName = "[No Variations]"
Added Component: Designator=C21(C0603)
Add component (AddParameter): Name = "Case"; Value = ""; VariantName = "[No Variations]"
Add component (AddParameter): Name = "HelpURL"; Value = ""; VariantName = "[No Variations]"
Add component (AddParameter): Name = "Manufacturer"; Value = ""; VariantName = "[No Variations]"
Add component (AddParameter): Name = "Model"; Value = ""; VariantName = "[No Variations]"
Add component (AddParameter): Name = "Value"; Value = "0.1uF"; VariantName = "[No Variations]"
Added Component: Designator=C22(C0603)
Add component (AddParameter): Name = "Case"; Value = ""; VariantName = "[No Variations]"
Add component (AddParameter): Name = "HelpURL"; Value = ""; VariantName = "[No Variations]"
Add component (AddParameter): Name = "Manufacturer"; Value = ""; VariantName = "[No Variations]"
Add component (AddParameter): Name = "Model"; Value = ""; VariantName = "[No Variations]"
Add component (AddParameter): Name = "Value"; Value = "0.1uF"; VariantName = "[No Variations]"
Added Component: Designator=DA1(TO-220A)
Add component (AddParameter): Name = "Case"; Value = "TO-220"; VariantName = "[No Variations]"
Add component (AddParameter): Name = "HelpURL"; Value = "https://www.digikey.com/product-detail/en/stmicroelectronics/L7805CV/497-1443-5-ND/585964"; VariantName = "[No Variations]"
Add component (AddParameter): Name = "Manufacturer"; Value = "STMicroelectronics"; VariantName = "[No Variations]"
Add component (AddParameter): Name = "Model"; Value = "L7805"; VariantName = "[No Variations]"
Added Component: Designator=L2(IND1206)
Add component (AddParameter): Name = "Case"; Value = ""; VariantName = "[No Variations]"
Add component (AddParameter): Name = "HelpURL"; Value = ""; VariantName = "[No Variations]"
Add component (AddParameter): Name = "Manufacturer"; Value = ""; VariantName = "[No Variations]"
Add component (AddParameter): Name = "Model"; Value = ""; VariantName = "[No Variations]"
Add component (AddParameter): Name = "Value"; Value = ""; VariantName = "[No Variations]"
Added Component: Designator=L3(IND1206)
Add component (AddParameter): Name = "Case"; Value = ""; VariantName = "[No Variations]"
Add component (AddParameter): Name = "HelpURL"; Value = ""; VariantName = "[No Variations]"
Add component (AddParameter): Name = "Manufacturer"; Value = ""; VariantName = "[No Variations]"
Add component (AddParameter): Name = "Model"; Value = ""; VariantName = "[No Variations]"
Add component (AddParameter): Name = "Value"; Value = "10uH"; VariantName = "[No Variations]"
Added Component: Designator=P1(2x3 Male Header Through Hole Pitch 2.54 mm)
Add component (AddParameter): Name = "Case"; Value = ""; VariantName = "[No Variations]"
Add component (AddParameter): Name = "HelpURL"; Value = ""; VariantName = "[No Variations]"
Add component (AddParameter): Name = "Model"; Value = ""; VariantName = "[No Variations]"
Added Component: Designator=P2(Terminal 2x 3.81mm)
Add component (AddParameter): Name = "Case"; Value = ""; VariantName = "[No Variations]"
Add component (AddParameter): Name = "HelpURL"; Value = ""; VariantName = "[No Variations]"
Add component (AddParameter): Name = "Manufacturer"; Value = ""; VariantName = "[No Variations]"
Add component (AddParameter): Name = "Model"; Value = ""; VariantName = "[No Variations]"
Added Component: Designator=P3(Terminal 2x 3.81mm)
Add component (AddParameter): Name = "Case"; Value = ""; VariantName = "[No Variations]"
Add component (AddParameter): Name = "HelpURL"; Value = ""; VariantName = "[No Variations]"
Add component (AddParameter): Name = "Manufacturer"; Value = ""; VariantName = "[No Variations]"
Add component (AddParameter): Name = "Model"; Value = ""; VariantName = "[No Variations]"
Added Component: Designator=Q1(SOIC-8)
Add component (AddParameter): Name = "Case"; Value = "SOIC-8"; VariantName = "[No Variations]"
Add component (AddParameter): Name = "HelpURL"; Value = "https://www.digikey.com/product-detail/en/infineon-technologies/IRF7307TRPBF/IRF7307PBFCT-ND/812597"; VariantName = "[No Variations]"
Add component (AddParameter): Name = "Manufacturer"; Value = "Infineon Technologies"; VariantName = "[No Variations]"
Add component (AddParameter): Name = "Model"; Value = ""; VariantName = "[No Variations]"
Added Component: Designator=Q2(SOIC-8)
Add component (AddParameter): Name = "Case"; Value = "SOIC-8"; VariantName = "[No Variations]"
Add component (AddParameter): Name = "HelpURL"; Value = "https://www.digikey.com/product-detail/en/infineon-technologies/IRF7307TRPBF/IRF7307PBFCT-ND/812597"; VariantName = "[No Variations]"
Add component (AddParameter): Name = "Manufacturer"; Value = "Infineon Technologies"; VariantName = "[No Variations]"
Add component (AddParameter): Name = "Model"; Value = ""; VariantName = "[No Variations]"
Added Component: Designator=Q3(SOIC-8)
Add component (AddParameter): Name = "Case"; Value = "SOIC-8"; VariantName = "[No Variations]"
Add component (AddParameter): Name = "HelpURL"; Value = "https://www.digikey.com/product-detail/en/infineon-technologies/IRF7307TRPBF/IRF7307PBFCT-ND/812597"; VariantName = "[No Variations]"
Add component (AddParameter): Name = "Manufacturer"; Value = "Infineon Technologies"; VariantName = "[No Variations]"
Add component (AddParameter): Name = "Model"; Value = ""; VariantName = "[No Variations]"
Added Component: Designator=Q4(SOIC-8)
Add component (AddParameter): Name = "Case"; Value = "SOIC-8"; VariantName = "[No Variations]"
Add component (AddParameter): Name = "HelpURL"; Value = "https://www.digikey.com/product-detail/en/infineon-technologies/IRF7307TRPBF/IRF7307PBFCT-ND/812597"; VariantName = "[No Variations]"
Add component (AddParameter): Name = "Manufacturer"; Value = "Infineon Technologies"; VariantName = "[No Variations]"
Add component (AddParameter): Name = "Model"; Value = ""; VariantName = "[No Variations]"
Added Component: Designator=R1(R0603)
Add component (AddParameter): Name = "Case"; Value = ""; VariantName = "[No Variations]"
Add component (AddParameter): Name = "HelpURL"; Value = ""; VariantName = "[No Variations]"
Add component (AddParameter): Name = "Manufacturer"; Value = ""; VariantName = "[No Variations]"
Add component (AddParameter): Name = "Model"; Value = ""; VariantName = "[No Variations]"
Add component (AddParameter): Name = "Value"; Value = "10k 5%"; VariantName = "[No Variations]"
Added Component: Designator=R2(R0603)
Add component (AddParameter): Name = "Case"; Value = ""; VariantName = "[No Variations]"
Add component (AddParameter): Name = "HelpURL"; Value = ""; VariantName = "[No Variations]"
Add component (AddParameter): Name = "Manufacturer"; Value = ""; VariantName = "[No Variations]"
Add component (AddParameter): Name = "Model"; Value = ""; VariantName = "[No Variations]"
Add component (AddParameter): Name = "Value"; Value = "10M 5%"; VariantName = "[No Variations]"
Added Component: Designator=R3(R0603)
Add component (AddParameter): Name = "Case"; Value = ""; VariantName = "[No Variations]"
Add component (AddParameter): Name = "HelpURL"; Value = ""; VariantName = "[No Variations]"
Add component (AddParameter): Name = "Manufacturer"; Value = ""; VariantName = "[No Variations]"
Add component (AddParameter): Name = "Model"; Value = ""; VariantName = "[No Variations]"
Add component (AddParameter): Name = "Value"; Value = "10k 5%"; VariantName = "[No Variations]"
Added Component: Designator=R4(R0603)
Add component (AddParameter): Name = "Case"; Value = ""; VariantName = "[No Variations]"
Add component (AddParameter): Name = "HelpURL"; Value = ""; VariantName = "[No Variations]"
Add component (AddParameter): Name = "Manufacturer"; Value = ""; VariantName = "[No Variations]"
Add component (AddParameter): Name = "Model"; Value = ""; VariantName = "[No Variations]"
Add component (AddParameter): Name = "Value"; Value = "10k 5%"; VariantName = "[No Variations]"
Added Component: Designator=R5(R0603)
Add component (AddParameter): Name = "Case"; Value = ""; VariantName = "[No Variations]"
Add component (AddParameter): Name = "HelpURL"; Value = ""; VariantName = "[No Variations]"
Add component (AddParameter): Name = "Manufacturer"; Value = ""; VariantName = "[No Variations]"
Add component (AddParameter): Name = "Model"; Value = ""; VariantName = "[No Variations]"
Add component (AddParameter): Name = "Value"; Value = "300 5%"; VariantName = "[No Variations]"
Added Component: Designator=R6(R0603)
Add component (AddParameter): Name = "Case"; Value = ""; VariantName = "[No Variations]"
Add component (AddParameter): Name = "HelpURL"; Value = ""; VariantName = "[No Variations]"
Add component (AddParameter): Name = "Manufacturer"; Value = ""; VariantName = "[No Variations]"
Add component (AddParameter): Name = "Model"; Value = ""; VariantName = "[No Variations]"
Add component (AddParameter): Name = "Value"; Value = "10k 5%"; VariantName = "[No Variations]"
Added Component: Designator=R7(R0603)
Add component (AddParameter): Name = "Case"; Value = ""; VariantName = "[No Variations]"
Add component (AddParameter): Name = "HelpURL"; Value = ""; VariantName = "[No Variations]"
Add component (AddParameter): Name = "Manufacturer"; Value = ""; VariantName = "[No Variations]"
Add component (AddParameter): Name = "Model"; Value = ""; VariantName = "[No Variations]"
Add component (AddParameter): Name = "Value"; Value = "10k 5%"; VariantName = "[No Variations]"
Added Component: Designator=SF1(KMR221GLFS)
Add component (AddParameter): Name = "Case"; Value = "KMR221GLFS"; VariantName = "[No Variations]"
Add component (AddParameter): Name = "HelpURL"; Value = "https://www.digikey.com/product-detail/en/c-k/KMR221GLFS/401-1427-1-ND/550466"; VariantName = "[No Variations]"
Add component (AddParameter): Name = "Manufacturer"; Value = "C&K"; VariantName = "[No Variations]"
Add component (AddParameter): Name = "Model"; Value = "KMR221GLFS"; VariantName = "[No Variations]"
Added Component: Designator=U2(PDIP-8)
Add component (AddParameter): Name = "Case"; Value = "PDIP-8"; VariantName = "[No Variations]"
Add component (AddParameter): Name = "HelpURL"; Value = "https://www.chipdip.by/product/sn75453bp"; VariantName = "[No Variations]"
Add component (AddParameter): Name = "Manufacturer"; Value = "Texas Instruments"; VariantName = "[No Variations]"
Add component (AddParameter): Name = "Model"; Value = ""; VariantName = "[No Variations]"
Added Component: Designator=U?(TQFP-32 (7x7))
Add component (AddParameter): Name = "Case"; Value = "TQFP-32"; VariantName = "[No Variations]"
Add component (AddParameter): Name = "HelpURL"; Value = "https://www.digikey.com/product-detail/en/microchip-technology/ATMEGA328PB-AU/ATMEGA328PB-AU-ND/5638812"; VariantName = "[No Variations]"
Add component (AddParameter): Name = "Manufacturer"; Value = "Microchip Technology"; VariantName = "[No Variations]"
Add component (AddParameter): Name = "Model"; Value = "ATMega328PB-AU"; VariantName = "[No Variations]"
Added Component: Designator=VT1(SOT-23-3)
Add component (AddParameter): Name = "Case"; Value = "SOT-23-3"; VariantName = "[No Variations]"
Add component (AddParameter): Name = "HelpURL"; Value = "https://www.digikey.com/product-detail/en/infineon-technologies/IRLML6344TRPBF/IRLML6344TRPBFCT-ND/2538168"; VariantName = "[No Variations]"
Add component (AddParameter): Name = "Manufacturer"; Value = "Infineon Technologies"; VariantName = "[No Variations]"
Add component (AddParameter): Name = "Model"; Value = ""; VariantName = "[No Variations]"
Added Component: Designator=VT2(SOT-23-3)
Add component (AddParameter): Name = "Case"; Value = "SOT-23-3"; VariantName = "[No Variations]"
Add component (AddParameter): Name = "HelpURL"; Value = "https://www.digikey.com/product-detail/en/infineon-technologies/IRLML6344TRPBF/IRLML6344TRPBFCT-ND/2538168"; VariantName = "[No Variations]"
Add component (AddParameter): Name = "Manufacturer"; Value = "Infineon Technologies"; VariantName = "[No Variations]"
Add component (AddParameter): Name = "Model"; Value = ""; VariantName = "[No Variations]"
Added Component: Designator=Y1(HC-49S)
Add component (AddParameter): Name = "Case"; Value = ""; VariantName = "[No Variations]"
Add component (AddParameter): Name = "HelpURL"; Value = ""; VariantName = "[No Variations]"
Add component (AddParameter): Name = "Model"; Value = ""; VariantName = "[No Variations]"
Add component (AddParameter): Name = "Value"; Value = ""; VariantName = "[No Variations]"
Added Pin To Net: NetName=VCC_5V_IN Pin=C1-1
Added Pin To Net: NetName=GND Pin=C1-2
Added Pin To Net: NetName=VCC_5V_IN Pin=C2-1
Added Pin To Net: NetName=GND Pin=C2-2
Added Pin To Net: NetName=VCC_5V_IN Pin=C3-1
Added Pin To Net: NetName=GND Pin=C3-2
Added Pin To Net: NetName=VCC_5V_OUT Pin=C4-1
Added Pin To Net: NetName=GND Pin=C4-2
Added Pin To Net: NetName=VCC_5V_OUT Pin=C5-1
Added Pin To Net: NetName=GND Pin=C5-2
Added Pin To Net: NetName=VCC_5V_OUT Pin=C6-1
Added Pin To Net: NetName=GND Pin=C6-2
Added Pin To Net: NetName=VCC_5V_OUT Pin=C7-1
Added Pin To Net: NetName=GND Pin=C7-2
Added Pin To Net: NetName=VCC_5V_OUT Pin=C8-1
Added Pin To Net: NetName=GND Pin=C8-2
Added Pin To Net: NetName=VCC Pin=C9-1
Added Pin To Net: NetName=GND Pin=C9-2
Added Pin To Net: NetName=VCC Pin=C10-1
Added Pin To Net: NetName=GND Pin=C10-2
Added Pin To Net: NetName=VCC Pin=C11-1
Added Pin To Net: NetName=GND Pin=C11-2
Added Pin To Net: NetName=VCC Pin=C12-1
Added Pin To Net: NetName=GND Pin=C12-2
Added Pin To Net: NetName=AVCC Pin=C13-1
Added Pin To Net: NetName=AGND Pin=C13-2
Added Pin To Net: NetName=AVCC Pin=C14-1
Added Pin To Net: NetName=AGND Pin=C14-2
Added Pin To Net: NetName=AVCC Pin=C15-1
Added Pin To Net: NetName=AGND Pin=C15-2
Added Pin To Net: NetName=AVCC Pin=C16-1
Added Pin To Net: NetName=AGND Pin=C16-2
Added Pin To Net: NetName=OSC_GND Pin=C17-1
Added Pin To Net: NetName=OSC_IN Pin=C17-2
Added Pin To Net: NetName=OSC_OUT Pin=C18-1
Added Pin To Net: NetName=OSC_GND Pin=C18-2
Added Pin To Net: NetName=PC6 (RESET) Pin=C19-1
Added Pin To Net: NetName=GND Pin=C19-2
Added Pin To Net: NetName=VCC Pin=C20-1
Added Pin To Net: NetName=NetC20_2 Pin=C20-2
Added Pin To Net: NetName=NetC21_1 Pin=C21-1
Added Pin To Net: NetName=NetC21_2 Pin=C21-2
Added Pin To Net: NetName=NetC22_1 Pin=C22-1
Added Pin To Net: NetName=NetC22_2 Pin=C22-2
Added Pin To Net: NetName=VCC_5V_IN Pin=DA1-1
Added Pin To Net: NetName=GND Pin=DA1-2
Added Pin To Net: NetName=VCC_5V_OUT Pin=DA1-3
Added Pin To Net: NetName=VCC_5V_OUT Pin=L2-1
Added Pin To Net: NetName=VCC Pin=L2-2
Added Pin To Net: NetName=VCC Pin=L3-1
Added Pin To Net: NetName=AVCC Pin=L3-2
Added Pin To Net: NetName=PB4 (MISO) Pin=P1-1
Added Pin To Net: NetName=VCC Pin=P1-2
Added Pin To Net: NetName=PB5 (SCK) Pin=P1-3
Added Pin To Net: NetName=PB3 (MOSI/OC2A) Pin=P1-4
Added Pin To Net: NetName=PC6 (RESET) Pin=P1-5
Added Pin To Net: NetName=GND Pin=P1-6
Added Pin To Net: NetName=NetC21_2 Pin=P2-1
Added Pin To Net: NetName=NetC21_1 Pin=P2-2
Added Pin To Net: NetName=NetC22_2 Pin=P3-1
Added Pin To Net: NetName=NetC22_1 Pin=P3-2
Added Pin To Net: NetName=NetQ1_1 Pin=Q1-1
Added Pin To Net: NetName=PD6 (OC0A) Pin=Q1-2
Added Pin To Net: NetName=M_POWER Pin=Q1-3
Added Pin To Net: NetName=PD6 (OC0A) Pin=Q1-4
Added Pin To Net: NetName=NetC21_2 Pin=Q1-5
Added Pin To Net: NetName=NetC21_2 Pin=Q1-6
Added Pin To Net: NetName=NetC21_2 Pin=Q1-7
Added Pin To Net: NetName=NetC21_2 Pin=Q1-8
Added Pin To Net: NetName=NetQ1_1 Pin=Q2-1
Added Pin To Net: NetName=PD5 (OC0B) Pin=Q2-2
Added Pin To Net: NetName=M_POWER Pin=Q2-3
Added Pin To Net: NetName=PD5 (OC0B) Pin=Q2-4
Added Pin To Net: NetName=NetC21_1 Pin=Q2-5
Added Pin To Net: NetName=NetC21_1 Pin=Q2-6
Added Pin To Net: NetName=NetC21_1 Pin=Q2-7
Added Pin To Net: NetName=NetC21_1 Pin=Q2-8
Added Pin To Net: NetName=NetQ3_1 Pin=Q3-1
Added Pin To Net: NetName=PB3 (MOSI/OC2A) Pin=Q3-2
Added Pin To Net: NetName=M_POWER Pin=Q3-3
Added Pin To Net: NetName=PB3 (MOSI/OC2A) Pin=Q3-4
Added Pin To Net: NetName=NetC22_2 Pin=Q3-5
Added Pin To Net: NetName=NetC22_2 Pin=Q3-6
Added Pin To Net: NetName=NetC22_2 Pin=Q3-7
Added Pin To Net: NetName=NetC22_2 Pin=Q3-8
Added Pin To Net: NetName=NetQ3_1 Pin=Q4-1
Added Pin To Net: NetName=PD3 (OC2B) Pin=Q4-2
Added Pin To Net: NetName=M_POWER Pin=Q4-3
Added Pin To Net: NetName=PD3 (OC2B) Pin=Q4-4
Added Pin To Net: NetName=NetC22_1 Pin=Q4-5
Added Pin To Net: NetName=NetC22_1 Pin=Q4-6
Added Pin To Net: NetName=NetC22_1 Pin=Q4-7
Added Pin To Net: NetName=NetC22_1 Pin=Q4-8
Added Pin To Net: NetName=PC5 (SCL) Pin=R1-1
Added Pin To Net: NetName=VCC Pin=R1-2
Added Pin To Net: NetName=OSC_OUT Pin=R2-1
Added Pin To Net: NetName=OSC_IN Pin=R2-2
Added Pin To Net: NetName=PC4 (SDA) Pin=R3-1
Added Pin To Net: NetName=VCC Pin=R3-2
Added Pin To Net: NetName=VCC Pin=R4-1
Added Pin To Net: NetName=PC6 (RESET) Pin=R4-2
Added Pin To Net: NetName=PC6 (RESET) Pin=R5-1
Added Pin To Net: NetName=NetR5_2 Pin=R5-2
Added Pin To Net: NetName=VCC Pin=R6-1
Added Pin To Net: NetName=SCP0 Pin=R6-2
Added Pin To Net: NetName=VCC Pin=R7-1
Added Pin To Net: NetName=SCP2 Pin=R7-2
Added Pin To Net: NetName=NetR5_2 Pin=SF1-1
Added Pin To Net: NetName=NetR5_2 Pin=SF1-2
Added Pin To Net: NetName=GND Pin=SF1-3
Added Pin To Net: NetName=GND Pin=SF1-4
Added Pin To Net: NetName=PD6 (OC0A) Pin=U2-1
Added Pin To Net: NetName=PD5 (OC0B) Pin=U2-2
Added Pin To Net: NetName=SCP0 Pin=U2-3
Added Pin To Net: NetName=NetC20_2 Pin=U2-4
Added Pin To Net: NetName=SCP2 Pin=U2-5
Added Pin To Net: NetName=PB3 (MOSI/OC2A) Pin=U2-6
Added Pin To Net: NetName=PD3 (OC2B) Pin=U2-7
Added Pin To Net: NetName=VCC Pin=U2-8
Added Pin To Net: NetName=PD3 (OC2B) Pin=U?-1
Added Pin To Net: NetName=GND Pin=U?-3
Added Pin To Net: NetName=VCC Pin=U?-4
Added Pin To Net: NetName=GND Pin=U?-5
Added Pin To Net: NetName=VCC Pin=U?-6
Added Pin To Net: NetName=OSC_IN Pin=U?-7
Added Pin To Net: NetName=OSC_OUT Pin=U?-8
Added Pin To Net: NetName=PD5 (OC0B) Pin=U?-9
Added Pin To Net: NetName=PD6 (OC0A) Pin=U?-10
Added Pin To Net: NetName=PB3 (MOSI/OC2A) Pin=U?-15
Added Pin To Net: NetName=PB4 (MISO) Pin=U?-16
Added Pin To Net: NetName=PB5 (SCK) Pin=U?-17
Added Pin To Net: NetName=AVCC Pin=U?-18
Added Pin To Net: NetName=AGND Pin=U?-21
Added Pin To Net: NetName=PC4 (SDA) Pin=U?-27
Added Pin To Net: NetName=PC5 (SCL) Pin=U?-28
Added Pin To Net: NetName=PC6 (RESET) Pin=U?-29
Added Pin To Net: NetName=SCP0 Pin=VT1-1
Added Pin To Net: NetName=GND Pin=VT1-2
Added Pin To Net: NetName=NetQ1_1 Pin=VT1-3
Added Pin To Net: NetName=SCP2 Pin=VT2-1
Added Pin To Net: NetName=GND Pin=VT2-2
Added Pin To Net: NetName=NetQ3_1 Pin=VT2-3
Added Pin To Net: NetName=OSC_OUT Pin=Y1-1
Added Pin To Net: NetName=OSC_IN Pin=Y1-2
Added Member To Class: ClassName=Schematic_page1 Member=Component C1 470uF 25V
Added Member To Class: ClassName=Schematic_page1 Member=Component C2 4.7uF
Added Member To Class: ClassName=Schematic_page1 Member=Component C3 0.33uF
Added Member To Class: ClassName=Schematic_page1 Member=Component C4 0.1uF
Added Member To Class: ClassName=Schematic_page1 Member=Component C5 100uF 10V
Added Member To Class: ClassName=Schematic_page1 Member=Component C6 22uF 10V
Added Member To Class: ClassName=Schematic_page1 Member=Component C7 0.01uF
Added Member To Class: ClassName=Schematic_page1 Member=Component C8 100pF
Added Member To Class: ClassName=Schematic_page1 Member=Component C9 4.7uF
Added Member To Class: ClassName=Schematic_page1 Member=Component C10 0.1uF
Added Member To Class: ClassName=Schematic_page1 Member=Component C11 0.01uF
Added Member To Class: ClassName=Schematic_page1 Member=Component C12 100pF
Added Member To Class: ClassName=Schematic_page1 Member=Component C13 1uF
Added Member To Class: ClassName=Schematic_page1 Member=Component C14 0.1uF
Added Member To Class: ClassName=Schematic_page1 Member=Component C15 0.01uF
Added Member To Class: ClassName=Schematic_page1 Member=Component C16 100pF
Added Member To Class: ClassName=Schematic_page2 Member=Component C17 22pF 1%
Added Member To Class: ClassName=Schematic_page2 Member=Component C18 22pF 1%
Added Member To Class: ClassName=Schematic_page2 Member=Component C19 0.1uF 16V
Added Member To Class: ClassName=Schematic_page3 Member=Component C20 0.1uF
Added Member To Class: ClassName=Schematic_page3 Member=Component C21 0.1uF
Added Member To Class: ClassName=Schematic_page3 Member=Component C22 0.1uF
Added Member To Class: ClassName=Schematic_page1 Member=Component DA1 L7805
Added Member To Class: ClassName=Schematic_page1 Member=Component L2
Added Member To Class: ClassName=Schematic_page1 Member=Component L3 10uH
Added Member To Class: ClassName=Schematic_page2 Member=Component P1 ICSP
Added Member To Class: ClassName=Schematic_page3 Member=Component P2 Terminal 3.81mm
Added Member To Class: ClassName=Schematic_page3 Member=Component P3 Terminal 3.81mm
Added Member To Class: ClassName=Schematic_page3 Member=Component Q1
Added Member To Class: ClassName=Schematic_page3 Member=Component Q2
Added Member To Class: ClassName=Schematic_page3 Member=Component Q3
Added Member To Class: ClassName=Schematic_page3 Member=Component Q4
Added Member To Class: ClassName=Schematic_page2 Member=Component R1 10k 5%
Added Member To Class: ClassName=Schematic_page2 Member=Component R2 10M 5%
Added Member To Class: ClassName=Schematic_page2 Member=Component R3 10k 5%
Added Member To Class: ClassName=Schematic_page2 Member=Component R4 10k 5%
Added Member To Class: ClassName=Schematic_page2 Member=Component R5 300 5%
Added Member To Class: ClassName=Schematic_page3 Member=Component R6 10k 5%
Added Member To Class: ClassName=Schematic_page3 Member=Component R7 10k 5%
Added Member To Class: ClassName=Schematic_page2 Member=Component SF1 Button
Added Member To Class: ClassName=Schematic_page3 Member=Component U2
Added Member To Class: ClassName=Schematic_page2 Member=Component U? ATMega328PB-AU
Added Member To Class: ClassName=Schematic_page3 Member=Component VT1
Added Member To Class: ClassName=Schematic_page3 Member=Component VT2
Added Member To Class: ClassName=Schematic_page2 Member=Component Y1
