Replace Part C1 Capacitor_Elec in C:\Users\vladu\OneDrive\Documents\!Projects\LineFollowerRobot\Board\Scheme\ver. 2.8 AD\Schematic_page1.SchDoc with Capacitor_Elec from Board_lib.IntLib
Replace Part C2 Capasitor in C:\Users\vladu\OneDrive\Documents\!Projects\LineFollowerRobot\Board\Scheme\ver. 2.8 AD\Schematic_page1.SchDoc with Capasitor from Board_lib.IntLib
Replace Part C3 Capasitor in C:\Users\vladu\OneDrive\Documents\!Projects\LineFollowerRobot\Board\Scheme\ver. 2.8 AD\Schematic_page1.SchDoc with Capasitor from Board_lib.IntLib
Replace Part C4 Capasitor in C:\Users\vladu\OneDrive\Documents\!Projects\LineFollowerRobot\Board\Scheme\ver. 2.8 AD\Schematic_page1.SchDoc with Capasitor from Board_lib.IntLib
Replace Part C5 Capacitor_Elec in C:\Users\vladu\OneDrive\Documents\!Projects\LineFollowerRobot\Board\Scheme\ver. 2.8 AD\Schematic_page1.SchDoc with Capacitor_Elec from Board_lib.IntLib
Replace Part C6 Capasitor_Tantalum in C:\Users\vladu\OneDrive\Documents\!Projects\LineFollowerRobot\Board\Scheme\ver. 2.8 AD\Schematic_page1.SchDoc with Capasitor_Tantalum from Board_lib.IntLib
Replace Part C7 Capasitor in C:\Users\vladu\OneDrive\Documents\!Projects\LineFollowerRobot\Board\Scheme\ver. 2.8 AD\Schematic_page1.SchDoc with Capasitor from Board_lib.IntLib
Replace Part C8 Capasitor in C:\Users\vladu\OneDrive\Documents\!Projects\LineFollowerRobot\Board\Scheme\ver. 2.8 AD\Schematic_page1.SchDoc with Capasitor from Board_lib.IntLib
Replace Part C9 Capasitor in C:\Users\vladu\OneDrive\Documents\!Projects\LineFollowerRobot\Board\Scheme\ver. 2.8 AD\Schematic_page1.SchDoc with Capasitor from Board_lib.IntLib
Replace Part C10 Capasitor in C:\Users\vladu\OneDrive\Documents\!Projects\LineFollowerRobot\Board\Scheme\ver. 2.8 AD\Schematic_page1.SchDoc with Capasitor from Board_lib.IntLib
Replace Part C11 Capasitor in C:\Users\vladu\OneDrive\Documents\!Projects\LineFollowerRobot\Board\Scheme\ver. 2.8 AD\Schematic_page1.SchDoc with Capasitor from Board_lib.IntLib
Replace Part C12 Capasitor in C:\Users\vladu\OneDrive\Documents\!Projects\LineFollowerRobot\Board\Scheme\ver. 2.8 AD\Schematic_page1.SchDoc with Capasitor from Board_lib.IntLib
Replace Part C13 Capasitor in C:\Users\vladu\OneDrive\Documents\!Projects\LineFollowerRobot\Board\Scheme\ver. 2.8 AD\Schematic_page1.SchDoc with Capasitor from Board_lib.IntLib
Replace Part C14 Capasitor in C:\Users\vladu\OneDrive\Documents\!Projects\LineFollowerRobot\Board\Scheme\ver. 2.8 AD\Schematic_page1.SchDoc with Capasitor from Board_lib.IntLib
Replace Part C15 Capasitor in C:\Users\vladu\OneDrive\Documents\!Projects\LineFollowerRobot\Board\Scheme\ver. 2.8 AD\Schematic_page1.SchDoc with Capasitor from Board_lib.IntLib
Replace Part C16 Capasitor in C:\Users\vladu\OneDrive\Documents\!Projects\LineFollowerRobot\Board\Scheme\ver. 2.8 AD\Schematic_page1.SchDoc with Capasitor from Board_lib.IntLib
Replace Part DA1 L75xx in C:\Users\vladu\OneDrive\Documents\!Projects\LineFollowerRobot\Board\Scheme\ver. 2.8 AD\Schematic_page1.SchDoc with L75xx from Board_lib.IntLib
Replace Part L1 Inductivity in C:\Users\vladu\OneDrive\Documents\!Projects\LineFollowerRobot\Board\Scheme\ver. 2.8 AD\Schematic_page1.SchDoc with Inductivity from Board_lib.IntLib
Replace Part L2 Inductivity in C:\Users\vladu\OneDrive\Documents\!Projects\LineFollowerRobot\Board\Scheme\ver. 2.8 AD\Schematic_page1.SchDoc with Inductivity from Board_lib.IntLib
Replace Part L3 Inductivity in C:\Users\vladu\OneDrive\Documents\!Projects\LineFollowerRobot\Board\Scheme\ver. 2.8 AD\Schematic_page1.SchDoc with Inductivity from Board_lib.IntLib
