Removed Pin From Net: NetName=VCC Pin=C4-1
Removed Pin From Net: NetName=VCC Pin=C5-1
Removed Pin From Net: NetName=VCC Pin=C6-1
Removed Pin From Net: NetName=VCC Pin=C7-1
Removed Pin From Net: NetName=VCC Pin=C8-1
Removed Pin From Net: NetName=VCC Pin=C9-1
Removed Pin From Net: NetName=VCC Pin=C10-1
Removed Pin From Net: NetName=VCC Pin=DA1-3
Removed Member From Class: ClassName=Schematic_page2 Member=C13
Change Component Comment : Designator=C17 Old Comment=0.1uF 16V New Comment=0.1uF
Change Component Designator: OldDesignator=C9 NewDesignator=C10
Change Component Designator: OldDesignator=C10 NewDesignator=C11
Change Component Designator: OldDesignator=C11 NewDesignator=C12
Change Component Designator: OldDesignator=C12 NewDesignator=C13
Change Component Designator: OldDesignator=C13 NewDesignator=C14
Change Component Designator: OldDesignator=C14 NewDesignator=C15
Change Component Designator: OldDesignator=C15 NewDesignator=C16
Change Component Designator: OldDesignator=C16 NewDesignator=C17
Change Component Designator: OldDesignator=C17 NewDesignator=C18
Change Component Designator: OldDesignator=C18 NewDesignator=C19
Change Component Designator: OldDesignator=C19 NewDesignator=C20
Change Component Designator: OldDesignator=C20 NewDesignator=C21
Change component parameters: Designator = "C17" ("C17"); Footprint = "C0603"; UniqueID = "\GYKOVMHA" ("\GYKOVMHA")
Change component parameters (AddParameter): Name = "Case"; Value = ""; VariantName = "[No Variations]"
Change component parameters (AddParameter): Name = "HelpURL"; Value = ""; VariantName = "[No Variations]"
Change component parameters (AddParameter): Name = "Manufacturer"; Value = ""; VariantName = "[No Variations]"
Change component parameters (AddParameter): Name = "Model"; Value = ""; VariantName = "[No Variations]"
Change component parameters (AddParameter): Name = "Value"; Value = "0.1uF"; VariantName = "[No Variations]"
Added Component: Designator=C9(C0603)
Add component (AddParameter): Name = "Case"; Value = "C0603"; VariantName = "[No Variations]"
Add component (AddParameter): Name = "HelpURL"; Value = ""; VariantName = "[No Variations]"
Add component (AddParameter): Name = "Manufacturer"; Value = ""; VariantName = "[No Variations]"
Add component (AddParameter): Name = "Model"; Value = ""; VariantName = "[No Variations]"
Add component (AddParameter): Name = "Value"; Value = "4.7uF"; VariantName = "[No Variations]"
Added Pin To Net: NetName=GND Pin=C9-2
Change Net Name : Old Net Name=NetC18_2 New Net Name=NetC19_2
Change Net Name : Old Net Name=NetC19_1 New Net Name=NetC20_1
Change Net Name : Old Net Name=NetC19_2 New Net Name=NetC20_2
Change Net Name : Old Net Name=NetC20_1 New Net Name=NetC21_1
Change Net Name : Old Net Name=NetC20_2 New Net Name=NetC21_2
Added Pin To Net: NetName=VCC_5V_OUT Pin=C4-1
Added Pin To Net: NetName=VCC_5V_OUT Pin=C5-1
Added Pin To Net: NetName=VCC_5V_OUT Pin=C6-1
Added Pin To Net: NetName=VCC_5V_OUT Pin=C7-1
Added Pin To Net: NetName=VCC_5V_OUT Pin=C8-1
Added Pin To Net: NetName=VCC_5V_OUT Pin=C9-1
Added Pin To Net: NetName=VCC_5V_OUT Pin=C10-1
Added Pin To Net: NetName=VCC_5V_OUT Pin=C11-1
Added Pin To Net: NetName=VCC_5V_OUT Pin=DA1-3
Added Net: Name=VCC_5V_OUT
Added Member To Class: ClassName=Schematic_page1 Member=Component C9 4.7uF
Added Member To Class: ClassName=Schematic_page1 Member=Component C10 0.1uF
Added Member To Class: ClassName=Schematic_page1 Member=Component C11 0.1uF
Added Member To Class: ClassName=Schematic_page1 Member=Component C12 1uF
Added Member To Class: ClassName=Schematic_page1 Member=Component C13 0.1uF
Added Member To Class: ClassName=Schematic_page1 Member=Component C14 0.01uF
Added Member To Class: ClassName=Schematic_page1 Member=Component C15 100pF
Added Member To Class: ClassName=Schematic_page2 Member=Component C18 0.1uF
