Added Pin To Net: NetName=ADC6 Pin=U1-19
Added Net: Name=ADC6
Added Pin To Net: NetName=ADC7 Pin=U1-22
Added Net: Name=ADC7
Added Pin To Net: NetName=AREF Pin=U1-20
Added Net: Name=AREF
Added Pin To Net: NetName=PB0 Pin=U1-12
Added Net: Name=PB0
Added Pin To Net: NetName=PB1 (OC1A) Pin=U1-13
Added Net: Name=PB1 (OC1A)
Added Pin To Net: NetName=PB2 (SS/OC1B) Pin=U1-14
Added Net: Name=PB2 (SS/OC1B)
Added Pin To Net: NetName=PC0 Pin=U1-23
Added Net: Name=PC0
Added Pin To Net: NetName=PC1 Pin=U1-24
Added Net: Name=PC1
Added Pin To Net: NetName=PC2 Pin=U1-25
Added Net: Name=PC2
Added Pin To Net: NetName=PC3 Pin=U1-26
Added Net: Name=PC3
Added Pin To Net: NetName=PD0 (RX) Pin=U1-30
Added Net: Name=PD0 (RX)
Added Pin To Net: NetName=PD1 (TX) Pin=U1-31
Added Net: Name=PD1 (TX)
Added Pin To Net: NetName=PD2 Pin=U1-32
Added Net: Name=PD2
Added Pin To Net: NetName=PD4 Pin=U1-2
Added Net: Name=PD4
Added Pin To Net: NetName=PD7 Pin=U1-11
Added Net: Name=PD7
